# JRE version: Java(TM) SE Runtime Environment (15.0.1+9) (build 15.0.1+9-18)
# Java VM: Java HotSpot(TM) 64-Bit Server VM (15.0.1+9-18, mixed mode, sharing, tiered, compressed oops, g1 gc, windows-amd64)
GC Precious Log:
 CPUs: 8 total, 8 available
 Memory: 16100M
 Large Page Support: Disabled
 NUMA Support: Disabled
 Compressed Oops: Enabled (32-bit)
 Heap Region Size: 1M
 Heap Min Capacity: 8M
 Heap Initial Capacity: 252M
 Heap Max Capacity: 2G
 Pre-touch: Disabled
 Parallel Workers: 8
 Concurrent Workers: 2
 Concurrent Refinement Workers: 8
 Periodic GC: Disabled
Heap:
 garbage-first heap   total 707584K, used 259584K [0x0000000080000000, 0x0000000100000000)
  region size 1024K, 7 young (7168K), 7 survivors (7168K)
 Metaspace       used 136259K, capacity 138023K, committed 138032K, reserved 1171456K
  class space    used 16473K, capacity 17024K, committed 17024K, reserved 1048576K
GC Heap History (20 events):
Event: 172.763 GC heap after
{Heap after GC invocations=96 (full 0):
 garbage-first heap   total 239616K, used 160571K [0x0000000080000000, 0x0000000100000000)
  region size 1024K, 5 young (5120K), 5 survivors (5120K)
 Metaspace       used 129137K, capacity 130807K, committed 131120K, reserved 1165312K
  class space    used 15400K, capacity 15931K, committed 16000K, reserved 1048576K
}
Event: 172.930 GC heap before
{Heap before GC invocations=96 (full 0):
 garbage-first heap   total 239616K, used 203579K [0x0000000080000000, 0x0000000100000000)
  region size 1024K, 48 young (49152K), 5 survivors (5120K)
 Metaspace       used 129177K, capacity 130871K, committed 131120K, reserved 1165312K
  class space    used 15401K, capacity 15931K, committed 16000K, reserved 1048576K
}
Event: 172.934 GC heap after
{Heap after GC invocations=97 (full 0):
 garbage-first heap   total 239616K, used 161900K [0x0000000080000000, 0x0000000100000000)
  region size 1024K, 3 young (3072K), 3 survivors (3072K)
 Metaspace       used 129177K, capacity 130871K, committed 131120K, reserved 1165312K
  class space    used 15401K, capacity 15931K, committed 16000K, reserved 1048576K
}
Event: 173.067 GC heap before
{Heap before GC invocations=97 (full 0):
 garbage-first heap   total 239616K, used 205932K [0x0000000080000000, 0x0000000100000000)
  region size 1024K, 47 young (48128K), 3 survivors (3072K)
 Metaspace       used 129223K, capacity 130903K, committed 131120K, reserved 1165312K
  class space    used 15408K, capacity 15963K, committed 16000K, reserved 1048576K
}
Event: 173.069 GC heap after
{Heap after GC invocations=98 (full 0):
 garbage-first heap   total 239616K, used 161666K [0x0000000080000000, 0x0000000100000000)
  region size 1024K, 3 young (3072K), 3 survivors (3072K)
 Metaspace       used 129223K, capacity 130903K, committed 131120K, reserved 1165312K
  class space    used 15408K, capacity 15963K, committed 16000K, reserved 1048576K
}
Event: 173.202 GC heap before
{Heap before GC invocations=98 (full 0):
 garbage-first heap   total 239616K, used 207746K [0x0000000080000000, 0x0000000100000000)
  region size 1024K, 48 young (49152K), 3 survivors (3072K)
 Metaspace       used 129457K, capacity 131207K, committed 131376K, reserved 1165312K
  class space    used 15435K, capacity 15972K, committed 16000K, reserved 1048576K
}
Event: 173.205 GC heap after
{Heap after GC invocations=99 (full 0):
 garbage-first heap   total 239616K, used 164951K [0x0000000080000000, 0x0000000100000000)
  region size 1024K, 5 young (5120K), 5 survivors (5120K)
 Metaspace       used 129457K, capacity 131207K, committed 131376K, reserved 1165312K
  class space    used 15435K, capacity 15972K, committed 16000K, reserved 1048576K
}
Event: 173.236 GC heap before
{Heap before GC invocations=99 (full 0):
 garbage-first heap   total 239616K, used 185431K [0x0000000080000000, 0x0000000100000000)
  region size 1024K, 19 young (19456K), 5 survivors (5120K)
 Metaspace       used 129466K, capacity 131219K, committed 131376K, reserved 1165312K
  class space    used 15437K, capacity 15976K, committed 16000K, reserved 1048576K
}
Event: 173.240 GC heap after
{Heap after GC invocations=100 (full 0):
 garbage-first heap   total 239616K, used 174655K [0x0000000080000000, 0x0000000100000000)
  region size 1024K, 5 young (5120K), 5 survivors (5120K)
 Metaspace       used 129466K, capacity 131219K, committed 131376K, reserved 1165312K
  class space    used 15437K, capacity 15976K, committed 16000K, reserved 1048576K
}
Event: 173.395 GC heap before
{Heap before GC invocations=100 (full 0):
 garbage-first heap   total 343040K, used 205375K [0x0000000080000000, 0x0000000100000000)
  region size 1024K, 37 young (37888K), 5 survivors (5120K)
 Metaspace       used 130231K, capacity 131970K, committed 132272K, reserved 1165312K
  class space    used 15539K, capacity 16076K, committed 16128K, reserved 1048576K
}
Event: 173.399 GC heap after
{Heap after GC invocations=101 (full 0):
 garbage-first heap   total 343040K, used 178205K [0x0000000080000000, 0x0000000100000000)
  region size 1024K, 5 young (5120K), 5 survivors (5120K)
 Metaspace       used 130231K, capacity 131970K, committed 132272K, reserved 1165312K
  class space    used 15539K, capacity 16076K, committed 16128K, reserved 1048576K
}
Event: 174.076 GC heap before
{Heap before GC invocations=102 (full 0):
 garbage-first heap   total 343040K, used 314397K [0x0000000080000000, 0x0000000100000000)
  region size 1024K, 111 young (113664K), 5 survivors (5120K)
 Metaspace       used 134321K, capacity 136076K, committed 136240K, reserved 1169408K
  class space    used 16203K, capacity 16759K, committed 16768K, reserved 1048576K
}
Event: 174.108 GC heap after
{Heap after GC invocations=103 (full 0):
 garbage-first heap   total 359424K, used 231498K [0x0000000080000000, 0x0000000100000000)
  region size 1024K, 14 young (14336K), 14 survivors (14336K)
 Metaspace       used 134321K, capacity 136076K, committed 136240K, reserved 1169408K
  class space    used 16203K, capacity 16759K, committed 16768K, reserved 1048576K
}
Event: 174.127 GC heap before
{Heap before GC invocations=103 (full 0):
 garbage-first heap   total 359424K, used 234570K [0x0000000080000000, 0x0000000100000000)
  region size 1024K, 17 young (17408K), 14 survivors (14336K)
 Metaspace       used 134340K, capacity 136076K, committed 136240K, reserved 1169408K
  class space    used 16203K, capacity 16759K, committed 16768K, reserved 1048576K
}
Event: 174.145 GC heap after
{Heap after GC invocations=104 (full 0):
 garbage-first heap   total 359424K, used 200053K [0x0000000080000000, 0x0000000100000000)
  region size 1024K, 2 young (2048K), 2 survivors (2048K)
 Metaspace       used 134340K, capacity 136076K, committed 136240K, reserved 1169408K
  class space    used 16203K, capacity 16759K, committed 16768K, reserved 1048576K
}
Event: 174.193 GC heap before
{Heap before GC invocations=104 (full 0):
 garbage-first heap   total 359424K, used 214389K [0x0000000080000000, 0x0000000100000000)
  region size 1024K, 17 young (17408K), 2 survivors (2048K)
 Metaspace       used 134397K, capacity 136140K, committed 136240K, reserved 1169408K
  class space    used 16204K, capacity 16759K, committed 16768K, reserved 1048576K
}
Event: 174.216 GC heap after
{Heap after GC invocations=105 (full 0):
 garbage-first heap   total 359424K, used 191090K [0x0000000080000000, 0x0000000100000000)
  region size 1024K, 3 young (3072K), 3 survivors (3072K)
 Metaspace       used 134397K, capacity 136140K, committed 136240K, reserved 1169408K
  class space    used 16204K, capacity 16759K, committed 16768K, reserved 1048576K
}
Event: 174.429 GC heap before
{Heap before GC invocations=105 (full 0):
 garbage-first heap   total 359424K, used 275058K [0x0000000080000000, 0x0000000100000000)
  region size 1024K, 86 young (88064K), 3 survivors (3072K)
 Metaspace       used 134463K, capacity 136204K, committed 136240K, reserved 1169408K
  class space    used 16204K, capacity 16759K, committed 16768K, reserved 1048576K
}
Event: 174.469 GC heap after
{Heap after GC invocations=106 (full 0):
 garbage-first heap   total 359424K, used 239616K [0x0000000080000000, 0x0000000100000000)
  region size 1024K, 11 young (11264K), 11 survivors (11264K)
 Metaspace       used 134463K, capacity 136204K, committed 136240K, reserved 1169408K
  class space    used 16204K, capacity 16759K, committed 16768K, reserved 1048576K
}
Event: 174.733 GC heap before
{Heap before GC invocations=106 (full 0):
 garbage-first heap   total 359424K, used 281600K [0x0000000080000000, 0x0000000100000000)
  region size 1024K, 53 young (54272K), 11 survivors (11264K)
 Metaspace       used 136259K, capacity 138023K, committed 138032K, reserved 1171456K
  class space    used 16473K, capacity 17024K, committed 17024K, reserved 1048576K
}

